[2021-02-07 13:04:46,612] multiqc                                            [DEBUG  ]  No MultiQC config found: /util/opt/anaconda/deployed-conda-envs/packages/multiqc/envs/multiqc-1.8-py37/lib/python3.7/site-packages/multiqc_config.yaml
[2021-02-07 13:04:46,612] multiqc                                            [DEBUG  ]  No MultiQC config found: /home/jyanglab/jyang21/.multiqc_config.yaml
[2021-02-07 13:04:46,613] multiqc                                            [DEBUG  ]  No MultiQC config found: multiqc_config.yaml
[2021-02-07 13:04:46,613] multiqc                                            [DEBUG  ]  Command used: /util/opt/anaconda/deployed-conda-envs/packages/multiqc/envs/multiqc-1.8-py37/bin/multiqc cache/reads1_fastqc.zip cache/reads2_fastqc.zip --outdir output
[2021-02-07 13:04:47,361] multiqc                                            [WARNING]  MultiQC Version v1.9 now available!
[2021-02-07 13:04:47,361] multiqc                                            [INFO   ]  This is MultiQC v1.8 (2a7d20b)
[2021-02-07 13:04:47,361] multiqc                                            [DEBUG  ]  Command     : /util/opt/anaconda/deployed-conda-envs/packages/multiqc/envs/multiqc-1.8-py37/bin/multiqc cache/reads1_fastqc.zip cache/reads2_fastqc.zip --outdir output
[2021-02-07 13:04:47,361] multiqc                                            [DEBUG  ]  Working dir : /common/jyanglab/jyang21/projects/template
[2021-02-07 13:04:47,361] multiqc                                            [INFO   ]  Template    : default
[2021-02-07 13:04:47,361] multiqc                                            [DEBUG  ]  Running Python 3.7.6 | packaged by conda-forge | (default, Mar 23 2020, 23:03:20)  [GCC 7.3.0]
[2021-02-07 13:04:47,361] multiqc                                            [INFO   ]  Searching   : /common/jyanglab/jyang21/projects/template/cache/reads1_fastqc.zip
[2021-02-07 13:04:47,361] multiqc                                            [INFO   ]  Searching   : /common/jyanglab/jyang21/projects/template/cache/reads2_fastqc.zip
[2021-02-07 13:04:47,362] multiqc                                            [DEBUG  ]  Analysing modules: custom_content, conpair, peddy, methylQA, phantompeakqualtools, qualimap, preseq, quast, qorts, rna_seqc, rsem, rseqc, busco, goleft_indexcov, disambiguate, supernova, deeptools, sargasso, verifybamid, mirtrace, happy, homer, macs2, theta2, snpeff, gatk, htseq, bcftools, featureCounts, fgbio, dedup, damageprofiler, biobambam2, mtnucratio, picard, prokka, samblaster, samtools, sexdeterrmine, bamtools, jellyfish, vcftools, longranger, stacks, bbmap, bismark, biscuit, hicexplorer, hicup, hicpro, salmon, kallisto, slamdunk, star, hisat2, tophat, bowtie2, bowtie1, kat, leehom, adapterRemoval, clipandmerge, cutadapt, flexbar, trimmomatic, skewer, sortmerna, biobloomtools, fastq_screen, afterqc, fastp, fastqc, minionqc, mosdepth, clusterflow, bcl2fastq, interop, flash, seqyclean
[2021-02-07 13:04:47,362] multiqc                                            [DEBUG  ]  Using temporary directory for creating report: /tmp/tmpv_55mn7z
[2021-02-07 13:04:48,619] multiqc.plots.bargraph                             [DEBUG  ]  Using matplotlib version 3.0.3
[2021-02-07 13:04:48,620] multiqc.plots.linegraph                            [DEBUG  ]  Using matplotlib version 3.0.3
[2021-02-07 13:04:48,622] multiqc                                            [DEBUG  ]  No samples found: custom_content
[2021-02-07 13:04:48,628] multiqc                                            [DEBUG  ]  No samples found: conpair
[2021-02-07 13:04:48,633] multiqc                                            [DEBUG  ]  No samples found: peddy
[2021-02-07 13:04:48,639] multiqc                                            [DEBUG  ]  No samples found: methylQA
[2021-02-07 13:04:48,645] multiqc                                            [DEBUG  ]  No samples found: phantompeakqualtools
[2021-02-07 13:04:48,653] multiqc                                            [DEBUG  ]  No samples found: qualimap
[2021-02-07 13:04:48,658] multiqc                                            [DEBUG  ]  No samples found: preseq
[2021-02-07 13:04:48,664] multiqc                                            [DEBUG  ]  No samples found: quast
[2021-02-07 13:04:48,670] multiqc                                            [DEBUG  ]  No samples found: qorts
[2021-02-07 13:04:48,676] multiqc                                            [DEBUG  ]  No samples found: rna_seqc
[2021-02-07 13:04:48,681] multiqc                                            [DEBUG  ]  No samples found: rsem
[2021-02-07 13:04:48,693] multiqc                                            [DEBUG  ]  No samples found: rseqc
[2021-02-07 13:04:48,699] multiqc                                            [DEBUG  ]  No samples found: busco
[2021-02-07 13:04:48,704] multiqc                                            [DEBUG  ]  No samples found: goleft_indexcov
[2021-02-07 13:04:48,710] multiqc                                            [DEBUG  ]  No samples found: disambiguate
[2021-02-07 13:04:48,716] multiqc                                            [DEBUG  ]  No samples found: supernova
[2021-02-07 13:04:48,728] multiqc                                            [DEBUG  ]  No samples found: deeptools
[2021-02-07 13:04:48,734] multiqc                                            [DEBUG  ]  No samples found: sargasso
[2021-02-07 13:04:48,740] multiqc                                            [DEBUG  ]  No samples found: verifybamid
[2021-02-07 13:04:48,745] multiqc                                            [DEBUG  ]  No samples found: mirtrace
[2021-02-07 13:04:48,751] multiqc                                            [DEBUG  ]  No samples found: happy
[2021-02-07 13:04:48,758] multiqc                                            [DEBUG  ]  No samples found: homer
[2021-02-07 13:04:48,764] multiqc                                            [DEBUG  ]  No samples found: macs2
[2021-02-07 13:04:48,770] multiqc                                            [DEBUG  ]  No samples found: theta2
[2021-02-07 13:04:48,775] multiqc                                            [DEBUG  ]  No samples found: snpeff
[2021-02-07 13:04:48,782] multiqc                                            [DEBUG  ]  No samples found: gatk
[2021-02-07 13:04:48,788] multiqc                                            [DEBUG  ]  No samples found: htseq
[2021-02-07 13:04:48,794] multiqc                                            [DEBUG  ]  No samples found: bcftools
[2021-02-07 13:04:48,800] multiqc                                            [DEBUG  ]  No samples found: featureCounts
[2021-02-07 13:04:48,806] multiqc                                            [DEBUG  ]  No samples found: fgbio
[2021-02-07 13:04:48,812] multiqc                                            [DEBUG  ]  No samples found: dedup
[2021-02-07 13:04:48,818] multiqc                                            [DEBUG  ]  No samples found: damageprofiler
[2021-02-07 13:04:48,834] multiqc                                            [DEBUG  ]  No samples found: biobambam2
[2021-02-07 13:04:48,839] multiqc                                            [DEBUG  ]  No samples found: mtnucratio
[2021-02-07 13:04:48,843] multiqc                                            [DEBUG  ]  No samples found: picard
[2021-02-07 13:04:48,849] multiqc                                            [DEBUG  ]  No samples found: prokka
[2021-02-07 13:04:48,855] multiqc                                            [DEBUG  ]  No samples found: samblaster
[2021-02-07 13:04:48,863] multiqc                                            [DEBUG  ]  No samples found: samtools
[2021-02-07 13:04:48,869] multiqc                                            [DEBUG  ]  No samples found: sexdeterrmine
[2021-02-07 13:04:48,875] multiqc                                            [DEBUG  ]  No samples found: bamtools
[2021-02-07 13:04:48,881] multiqc                                            [DEBUG  ]  No samples found: jellyfish
[2021-02-07 13:04:48,890] multiqc                                            [DEBUG  ]  No samples found: vcftools
[2021-02-07 13:04:48,895] multiqc                                            [DEBUG  ]  No samples found: longranger
[2021-02-07 13:04:48,901] multiqc                                            [DEBUG  ]  No samples found: stacks
[2021-02-07 13:04:48,915] multiqc                                            [DEBUG  ]  No samples found: bbmap
[2021-02-07 13:04:48,921] multiqc                                            [DEBUG  ]  No samples found: bismark
[2021-02-07 13:04:48,927] multiqc                                            [DEBUG  ]  No samples found: biscuit
[2021-02-07 13:04:48,933] multiqc                                            [DEBUG  ]  No samples found: hicexplorer
[2021-02-07 13:04:48,939] multiqc                                            [DEBUG  ]  No samples found: hicup
[2021-02-07 13:04:48,945] multiqc                                            [DEBUG  ]  No samples found: hicpro
[2021-02-07 13:04:48,950] multiqc                                            [DEBUG  ]  No samples found: salmon
[2021-02-07 13:04:48,956] multiqc                                            [DEBUG  ]  No samples found: kallisto
[2021-02-07 13:04:48,962] multiqc                                            [DEBUG  ]  No samples found: slamdunk
[2021-02-07 13:04:48,968] multiqc                                            [DEBUG  ]  No samples found: star
[2021-02-07 13:04:48,974] multiqc                                            [DEBUG  ]  No samples found: hisat2
[2021-02-07 13:04:48,979] multiqc                                            [DEBUG  ]  No samples found: tophat
[2021-02-07 13:04:48,985] multiqc                                            [DEBUG  ]  No samples found: bowtie2
[2021-02-07 13:04:48,991] multiqc                                            [DEBUG  ]  No samples found: bowtie1
[2021-02-07 13:04:48,997] multiqc                                            [DEBUG  ]  No samples found: kat
[2021-02-07 13:04:49,002] multiqc                                            [DEBUG  ]  No samples found: leehom
[2021-02-07 13:04:49,008] multiqc                                            [DEBUG  ]  No samples found: adapterRemoval
[2021-02-07 13:04:49,014] multiqc                                            [DEBUG  ]  No samples found: clipandmerge
[2021-02-07 13:04:49,020] multiqc                                            [DEBUG  ]  No samples found: cutadapt
[2021-02-07 13:04:49,025] multiqc                                            [DEBUG  ]  No samples found: flexbar
[2021-02-07 13:04:49,031] multiqc                                            [DEBUG  ]  No samples found: trimmomatic
[2021-02-07 13:04:49,037] multiqc                                            [DEBUG  ]  No samples found: skewer
[2021-02-07 13:04:49,043] multiqc                                            [DEBUG  ]  No samples found: sortmerna
[2021-02-07 13:04:49,048] multiqc                                            [DEBUG  ]  No samples found: biobloomtools
[2021-02-07 13:04:49,055] multiqc                                            [DEBUG  ]  No samples found: fastq_screen
[2021-02-07 13:04:49,060] multiqc                                            [DEBUG  ]  No samples found: afterqc
[2021-02-07 13:04:49,066] multiqc                                            [DEBUG  ]  No samples found: fastp
[2021-02-07 13:04:49,086] multiqc.modules.fastqc.fastqc                      [INFO   ]  Found 2 reports
[2021-02-07 13:04:49,161] multiqc                                            [DEBUG  ]  No samples found: minionqc
[2021-02-07 13:04:49,166] multiqc                                            [DEBUG  ]  No samples found: mosdepth
[2021-02-07 13:04:49,172] multiqc                                            [DEBUG  ]  No samples found: clusterflow
[2021-02-07 13:04:49,178] multiqc                                            [DEBUG  ]  No samples found: bcl2fastq
[2021-02-07 13:04:49,184] multiqc                                            [DEBUG  ]  No samples found: interop
[2021-02-07 13:04:49,190] multiqc                                            [DEBUG  ]  No samples found: flash
[2021-02-07 13:04:49,196] multiqc                                            [DEBUG  ]  No samples found: seqyclean
[2021-02-07 13:04:49,201] multiqc                                            [INFO   ]  Compressing plot data
[2021-02-07 13:04:49,246] multiqc                                            [INFO   ]  Report      : output/multiqc_report.html
[2021-02-07 13:04:49,246] multiqc                                            [INFO   ]  Data        : output/multiqc_data
[2021-02-07 13:04:49,248] multiqc                                            [DEBUG  ]  Moving data file from '/tmp/tmpv_55mn7z/multiqc_data/multiqc_qualimap_bamqc_genome_results.txt' to 'output/multiqc_data'
[2021-02-07 13:04:49,253] multiqc                                            [DEBUG  ]  Moving data file from '/tmp/tmpv_55mn7z/multiqc_data/multiqc_fastqc.txt' to 'output/multiqc_data'
[2021-02-07 13:04:49,258] multiqc                                            [DEBUG  ]  Moving data file from '/tmp/tmpv_55mn7z/multiqc_data/multiqc_general_stats.txt' to 'output/multiqc_data'
[2021-02-07 13:04:49,264] multiqc                                            [DEBUG  ]  Moving data file from '/tmp/tmpv_55mn7z/multiqc_data/multiqc_sources.txt' to 'output/multiqc_data'
[2021-02-07 13:04:49,269] multiqc                                            [DEBUG  ]  Moving data file from '/tmp/tmpv_55mn7z/multiqc_data/multiqc_data.json' to 'output/multiqc_data'
[2021-02-07 13:04:49,443] multiqc                                            [INFO   ]  MultiQC complete
