Dist	Intercept	LogBias1	LogBias2	RSS_LM	R.square_LM	AIC_LM
20000	1.02771198019845	0.620503758192913	0.604214525096667	2075.97273784483	0.995307552512194	347.192406158609
25000	0.948597961586546	0.646755810132881	0.626644444007007	2653.98319904554	0.992937251420494	434.791137509326
30000	0.875895250539598	0.654900870519771	0.615509360084354	2739.74007212253	0.991691829071004	466.850770781555
35000	0.79004542176795	0.641968068527055	0.577557213339341	3064.25419463006	0.987347207697984	488.478154235238
40000	0.766425260902846	0.573810730612736	0.547054363493549	2938.90325373226	0.984727904248253	477.237867649426
45000	0.717317113984638	0.571828483112067	0.530171516316734	2857.67148985891	0.975410970051579	488.514389851438
50000	0.701074307159226	0.557302962092166	0.492321465655983	3572.80132331136	0.977755933687334	507.199425631105
55000	0.693899189714	0.541729647158927	0.522820356680887	2923.61446737751	0.972642800790157	448.785676285286
60000	0.637098457434238	0.553973550420423	0.500235152647009	3093.70238217566	0.978168225566192	473.5502830672
65000	0.603909037162703	0.595329205906728	0.545467762492427	2484.13129157935	0.979233061452818	414.122756927888
70000	0.561536652794387	0.645743304670689	0.528904154698756	2598.38577790602	0.97950030499071	383.099659095179
75000	0.558835918301187	0.587725208322408	0.511440809135427	1926.81288284264	0.959646558613669	311.726425061377
80000	0.542835421844353	0.520929885438634	0.477488956238322	2027.63100387413	0.94641358137788	348.688312710949
85000	0.521239051494056	0.558145988685691	0.485782345851002	1841.47955558538	0.942440051801796	332.679178384832
90000	0.514030760911087	0.548867188876948	0.382089409255027	1781.63952889153	0.946513144640705	310.11701632887
95000	0.499137146917764	0.526406817096263	0.384823653950308	2039.27199171524	0.93003367668057	373.482504944459
100000	0.482857714715616	0.529072993528789	0.31652798343576	2146.65768244728	0.884902713664213	363.355368916266
105000	0.450048257013312	0.528928162105415	0.393098793661269	1933.1678607651	0.908161475959178	292.359242191842
110000	0.443683470082489	0.560140486634155	0.474246215065937	2234.37264683276	0.914620534261371	320.487187378132
115000	0.413481340596518	0.500268965155294	0.412376898439666	1799.06263674384	0.924459171666174	274.792263363425
120000	0.412438013706307	0.478883060800193	0.390730515442189	1636.4225457054	0.886210145648879	257.017401095297
125000	0.403954180089319	0.424309120182577	0.380232526716779	2232.6886588233	0.838962939806923	300.077038595501
130000	0.409509808997148	0.378568751266261	0.302278412375912	2118.24506946286	0.832327504494812	299.737045939742
135000	0.426341367312986	0.361713391320193	0.436551442260044	2727.6922554634	0.954488134238942	320.256591964583
140000	0.397136753704127	0.3576430940197	0.300490746708764	4478.25964082861	0.944979350587158	346.193500509156
145000	0.393700853536565	0.365337290984531	0.258034738862682	5144.55873784123	0.936288504178588	329.751838352725
150000	0.378980834320327	0.375025904945048	0.224754901862059	4658.55416770036	0.911800284241758	326.899281844114
155000	0.335259615920882	0.326584597436073	0.307259884532665	4068.00008759267	0.877670529476741	304.075813096467
160000	0.331201909464655	0.361626883442288	0.264293593511037	2919.79861886268	0.881146681575871	250.688601598509
165000	0.318295029781384	0.36488750002506	0.352870644515139	1953.70244008933	0.877501788310462	207.545291642136
170000	0.347441355627269	0.362651026282664	0.342668066602128	1523.60991487682	0.831498669519479	220.644604572414
175000	0.32242197680463	0.342350786242599	0.307036113938254	2132.52627581859	0.859049757878483	241.231116530492
180000	0.311319343143138	0.33061858154353	0.364070018867031	2269.190107624	0.86574899457723	231.811912459307
185000	0.32860637531809	0.378379103982053	0.351663930442615	1564.85810698347	0.84555652045732	200.935839372907
190000	0.280533301839533	0.301436794206221	0.291848832250529	1256.91829135345	0.74558958890164	151.622106279439
195000	0.299917191884411	0.249345676130604	0.286861969254788	1581.52313771675	0.794180615561999	186.826362275541
200000	0.314248387782661	0.263732785545479	0.280429754061156	1437.66121868222	0.785567873659152	190.882859060063
205000	0.288190397618129	0.29079625957056	0.338431570598984	1779.02456138415	0.612126346809763	179.052341799444
212486	0.273753116640983	0.32631609011912	0.284157529657213	2121.74785233389	0.650525275129336	255.915499183902
222494	0.26943707262237	0.29354218193833	0.215345700230838	1785.41579930965	0.556022825900887	195.499570302349
232504	0.247831658235782	0.261176674390601	0.226228478617695	2051.1654030533	0.587713963602226	194.400779665017
242515	0.231248960375557	0.266469638468877	0.289427819760527	1523.19490563205	0.58105249130924	116.497475981532
252500	0.231977913154204	0.263507116179378	0.227580612212218	1535.22942566765	0.552370519843599	84.3309145905024
262494	0.229902987741975	0.228942859889482	0.227582946569734	1394.74340717358	0.358092261722333	115.015120625115
272479	0.216685399820788	0.211152273172391	0.304972978525957	1618.20998066636	0.547787307375279	126.515291361719
282511	0.20797508882183	0.20060997761224	0.229211529165835	1569.33036706209	0.400453854588271	128.766509304767
292497	0.229363599274007	0.278547984596422	0.23296030249076	1464.97541377776	0.484028183517325	106.649156923982
302492	0.2073631593258	0.275210111757427	0.198667114444856	1852.54361223313	0.591936601457819	169.046794821501
312500	0.203695858173427	0.246767819698468	0.223152853207683	1385.70641588815	0.458029894460978	85.181525604142
322497	0.179162429784812	0.263300848705431	0.216875236307828	1110.71923144842	0.294758263718171	10.9659464372744
334982	0.188275919310125	0.235294167742008	0.180120680005674	1687.30605215449	0.33211354670147	29.8185359189792
350000	0.177844014985017	0.174651825568266	0.219891678140223	1877.60600702459	0.283901508659889	49.5331934875373
365017	0.17035696787385	0.213254227576086	0.20171970178072	1805.69119408104	0.389477984951652	59.3502658983045
380005	0.161621762401951	0.22691703606954	0.20812556425704	1755.1920030181	0.337390031676656	16.63892615689
395000	0.146642640554476	0.192253761039667	0.22114161720777	1303.91577025675	0.290018742237207	-59.2319907924561
410017	0.147964727005262	0.185094242819237	0.216637582309924	1447.40693541	0.225520374960197	-40.377750732702
424994	0.143562232310373	0.151676656061429	0.173012275470326	1443.60382839697	0.183080965800683	-14.2979744924026
440000	0.164868443934307	0.110216686164043	0.16829149713264	1495.83912986924	0.280497191286089	25.7691963853246
457498	0.150620300974284	0.176520062484706	0.122307509276995	1548.83065689926	0.0260831900151357	-46.6213940292976
477524	0.120243976371609	0.152652407789039	0.136340042839154	1396.26826413082	-0.0950462978825184	-145.747153760583
497493	0.123725338215882	0.140227442290876	0.163362266271098	2017.74680336131	0.418353553276931	3.17970418984883
517498	0.111516283121831	0.175070087462111	0.124948027489213	1175.70597118615	-0.0573683711040383	-198.616021047778
537523	0.115170667829774	0.0987071124158903	0.106457605820844	1153.23949735526	-0.380169146541792	-199.330118487207
559960	0.102506512578329	0.127057302571665	0.158735279581576	1725.80876114805	0.251639321656501	-163.638367050685
584989	0.112033145874763	0.154554088144106	0.0937297370271204	1060.00924316364	-0.618157079980127	-256.136724754366
612538	0.0977119853248913	0.13078738067937	0.138669698711729	1476.99737483185	-0.0537421853352409	-220.030487088369
642559	0.0975906058016115	0.144177469639003	0.0960708377416504	1279.95469135487	-0.680887652479536	-335.255878754176
672473	0.0943743467184182	0.134820741327331	0.094587447270488	1343.16141548608	-0.379438978374674	-269.68723382047
705019	0.0927855738655583	0.182048086684861	0.101974528648944	1511.43125458724	-0.00410999058353179	-260.028884180505
742547	0.0714439447009041	0.0863808475536009	0.0778535423481507	1210.81403723833	-1.26323857794251	-572.118627955688
787552	0.0686388531388821	0.0616166832420511	0.0492941997081963	1168.13645759384	-2.17869650208511	-699.833841064677
837447	0.0569292943228918	0.0676451338185449	0.0641921418026206	1216.92563793107	-1.79760479167448	-742.710138664677
889980	0.0549954724152382	0.0386163679583987	0.060431076909904	1151.80483970005	-2.71847274531881	-926.370640121907
949944	0.0421873925301828	0.0557920218196911	0.0483784568854154	1094.74126084231	-3.70130804619909	-1084.79418419648
1012515	0.0450359298925526	0.0442061494974422	0.0693536848507745	1035.67639149414	-3.995594283831	-1061.60518860238
1074960	0.0595386782059429	0.0789719831811433	0.0770777962548379	1060.97621605124	-1.79068384396639	-635.323924774289
1145086	0.0532560290454636	0.0690038718039896	0.0890167296370335	1018.4606517727	-3.22990107498679	-898.585386683665
1224961	0.0421608853377239	0.0417346746853297	0.050602284235052	962.186536495381	-4.17229937000548	-1026.8257416217
1314980	0.0341811605206404	0.0416565237228964	0.0453059715795148	1166.42001430562	-2.45969714037384	-1228.83391100528
1412453	0.0496774292411352	0.0816255742134665	0.0633269946488659	1097.45661407976	-2.36933437757941	-827.528153249537
1524934	0.0324116519153308	0.0653049575848179	0.0182531933654472	1040.80354052038	-5.40746170730997	-1377.3635149871
1655067	0.0340437392953782	0.0577482369278064	0.04594893504262	998.645733525405	-5.50627746193427	-1291.51107372936
1794874	0.0270227946397616	0.0569747751102838	0.0612591933914474	995.063853526667	-6.3674488234049	-1434.85498245062
